Arguments: 
  /opt/homebrew/Cellar/node/18.2.0/bin/node /opt/homebrew/Cellar/yarn/1.22.19/libexec/bin/yarn.js add express

PATH: 
  /opt/homebrew/bin:/usr/local/bin:/usr/bin:/bin:/usr/sbin:/sbin:/opt/homebrew/bin:/Users/bk/.sdkman/candidates/java/current/bin

Yarn version: 
  1.22.19

Node version: 
  18.2.0

Platform: 
  darwin arm64

Trace: 
  SyntaxError: /Users/bk/dev/tut/circle-demo/package.json: Unexpected string in JSON at position 169
      at JSON.parse (<anonymous>)
      at /opt/homebrew/Cellar/yarn/1.22.19/libexec/lib/cli.js:1629:59
      at Generator.next (<anonymous>)
      at step (/opt/homebrew/Cellar/yarn/1.22.19/libexec/lib/cli.js:310:30)
      at /opt/homebrew/Cellar/yarn/1.22.19/libexec/lib/cli.js:321:13

npm manifest: 
  {
    "name": "circle-demo",
    "version": "1.0.0",
    "description": "* circle ci pipeline demo * check capabilities",
    "main": "index.js",
    "scripts": {
      "start"
      "test": "echo \"Error: no test specified\" && exit 1"
    },
    "repository": {
      "type": "git",
      "url": "git+https://github.com/Karaoglan/circle-demo.git"
    },
    "keywords": [],
    "author": "",
    "license": "ISC",
    "bugs": {
      "url": "https://github.com/Karaoglan/circle-demo/issues"
    },
    "homepage": "https://github.com/Karaoglan/circle-demo#readme"
  }

yarn manifest: 
  No manifest

Lockfile: 
  No lockfile
